# JRE version: OpenJDK Runtime Environment (17.0.11) (build 17.0.11+0--11852314)
# Java VM: OpenJDK 64-Bit Server VM (17.0.11+0--11852314, mixed mode, tiered, compressed oops, compressed class ptrs, g1 gc, windows-amd64)
GC Precious Log:
 CPUs: 6 total, 6 available
 Memory: 8047M
 Large Page Support: Disabled
 NUMA Support: Disabled
 Compressed Oops: Enabled (32-bit)
 Heap Region Size: 1M
 Heap Min Capacity: 8M
 Heap Initial Capacity: 126M
 Heap Max Capacity: 2G
 Pre-touch: Disabled
 Parallel Workers: 6
 Concurrent Workers: 2
 Concurrent Refinement Workers: 6
 Periodic GC: Disabled
Heap:
 garbage-first heap   total 431104K, used 277913K [0x0000000080000000, 0x0000000100000000)
  region size 1024K, 15 young (15360K), 15 survivors (15360K)
 Metaspace       used 140781K, committed 141696K, reserved 1179648K
  class space    used 18956K, committed 19392K, reserved 1048576K
GC Heap History (20 events):
Event: 48.131 GC heap after
{Heap after GC invocations=69 (full 0):
 garbage-first heap   total 420864K, used 211077K [0x0000000080000000, 0x0000000100000000)
  region size 1024K, 3 young (3072K), 3 survivors (3072K)
 Metaspace       used 136723K, committed 137664K, reserved 1179648K
  class space    used 18501K, committed 18944K, reserved 1048576K
}
Event: 48.647 GC heap before
{Heap before GC invocations=69 (full 0):
 garbage-first heap   total 420864K, used 368773K [0x0000000080000000, 0x0000000100000000)
  region size 1024K, 157 young (160768K), 3 survivors (3072K)
 Metaspace       used 136726K, committed 137664K, reserved 1179648K
  class space    used 18501K, committed 18944K, reserved 1048576K
}
Event: 48.653 GC heap after
{Heap after GC invocations=70 (full 0):
 garbage-first heap   total 420864K, used 209896K [0x0000000080000000, 0x0000000100000000)
  region size 1024K, 3 young (3072K), 3 survivors (3072K)
 Metaspace       used 136726K, committed 137664K, reserved 1179648K
  class space    used 18501K, committed 18944K, reserved 1048576K
}
Event: 49.148 GC heap before
{Heap before GC invocations=70 (full 0):
 garbage-first heap   total 420864K, used 369640K [0x0000000080000000, 0x0000000100000000)
  region size 1024K, 159 young (162816K), 3 survivors (3072K)
 Metaspace       used 136737K, committed 137664K, reserved 1179648K
  class space    used 18502K, committed 18944K, reserved 1048576K
}
Event: 49.152 GC heap after
{Heap after GC invocations=71 (full 0):
 garbage-first heap   total 420864K, used 210235K [0x0000000080000000, 0x0000000100000000)
  region size 1024K, 4 young (4096K), 4 survivors (4096K)
 Metaspace       used 136737K, committed 137664K, reserved 1179648K
  class space    used 18502K, committed 18944K, reserved 1048576K
}
Event: 49.668 GC heap before
{Heap before GC invocations=71 (full 0):
 garbage-first heap   total 420864K, used 369979K [0x0000000080000000, 0x0000000100000000)
  region size 1024K, 160 young (163840K), 4 survivors (4096K)
 Metaspace       used 136768K, committed 137664K, reserved 1179648K
  class space    used 18502K, committed 18944K, reserved 1048576K
}
Event: 49.673 GC heap after
{Heap after GC invocations=72 (full 0):
 garbage-first heap   total 420864K, used 211108K [0x0000000080000000, 0x0000000100000000)
  region size 1024K, 4 young (4096K), 4 survivors (4096K)
 Metaspace       used 136768K, committed 137664K, reserved 1179648K
  class space    used 18502K, committed 18944K, reserved 1048576K
}
Event: 50.933 GC heap before
{Heap before GC invocations=72 (full 0):
 garbage-first heap   total 420864K, used 229540K [0x0000000080000000, 0x0000000100000000)
  region size 1024K, 22 young (22528K), 4 survivors (4096K)
 Metaspace       used 136944K, committed 137856K, reserved 1179648K
  class space    used 18525K, committed 19008K, reserved 1048576K
}
Event: 50.940 GC heap after
{Heap after GC invocations=73 (full 0):
 garbage-first heap   total 420864K, used 209245K [0x0000000080000000, 0x0000000100000000)
  region size 1024K, 3 young (3072K), 3 survivors (3072K)
 Metaspace       used 136944K, committed 137856K, reserved 1179648K
  class space    used 18525K, committed 19008K, reserved 1048576K
}
Event: 51.394 GC heap before
{Heap before GC invocations=74 (full 0):
 garbage-first heap   total 420864K, used 411997K [0x0000000080000000, 0x0000000100000000)
  region size 1024K, 152 young (155648K), 3 survivors (3072K)
 Metaspace       used 137395K, committed 138368K, reserved 1179648K
  class space    used 18624K, committed 19072K, reserved 1048576K
}
Event: 51.402 GC heap after
{Heap after GC invocations=75 (full 0):
 garbage-first heap   total 431104K, used 245449K [0x0000000080000000, 0x0000000100000000)
  region size 1024K, 15 young (15360K), 15 survivors (15360K)
 Metaspace       used 137395K, committed 138368K, reserved 1179648K
  class space    used 18624K, committed 19072K, reserved 1048576K
}
Event: 51.410 GC heap before
{Heap before GC invocations=75 (full 0):
 garbage-first heap   total 431104K, used 274121K [0x0000000080000000, 0x0000000100000000)
  region size 1024K, 21 young (21504K), 15 survivors (15360K)
 Metaspace       used 137395K, committed 138368K, reserved 1179648K
  class space    used 18624K, committed 19072K, reserved 1048576K
}
Event: 51.419 GC heap after
{Heap after GC invocations=76 (full 0):
 garbage-first heap   total 431104K, used 213269K [0x0000000080000000, 0x0000000100000000)
  region size 1024K, 1 young (1024K), 1 survivors (1024K)
 Metaspace       used 137395K, committed 138368K, reserved 1179648K
  class space    used 18624K, committed 19072K, reserved 1048576K
}
Event: 51.468 GC heap before
{Heap before GC invocations=76 (full 0):
 garbage-first heap   total 431104K, used 232725K [0x0000000080000000, 0x0000000100000000)
  region size 1024K, 21 young (21504K), 1 survivors (1024K)
 Metaspace       used 137418K, committed 138368K, reserved 1179648K
  class space    used 18627K, committed 19072K, reserved 1048576K
}
Event: 51.472 GC heap after
{Heap after GC invocations=77 (full 0):
 garbage-first heap   total 431104K, used 212948K [0x0000000080000000, 0x0000000100000000)
  region size 1024K, 3 young (3072K), 3 survivors (3072K)
 Metaspace       used 137418K, committed 138368K, reserved 1179648K
  class space    used 18627K, committed 19072K, reserved 1048576K
}
Event: 51.842 GC heap before
{Heap before GC invocations=77 (full 0):
 garbage-first heap   total 431104K, used 368596K [0x0000000080000000, 0x0000000100000000)
  region size 1024K, 156 young (159744K), 3 survivors (3072K)
 Metaspace       used 137447K, committed 138368K, reserved 1179648K
  class space    used 18631K, committed 19072K, reserved 1048576K
}
Event: 51.856 GC heap after
{Heap after GC invocations=78 (full 0):
 garbage-first heap   total 431104K, used 227529K [0x0000000080000000, 0x0000000100000000)
  region size 1024K, 17 young (17408K), 17 survivors (17408K)
 Metaspace       used 137447K, committed 138368K, reserved 1179648K
  class space    used 18631K, committed 19072K, reserved 1048576K
}
Event: 52.525 GC heap before
{Heap before GC invocations=78 (full 0):
 garbage-first heap   total 431104K, used 368841K [0x0000000080000000, 0x0000000100000000)
  region size 1024K, 150 young (153600K), 17 survivors (17408K)
 Metaspace       used 139609K, committed 140544K, reserved 1179648K
  class space    used 18862K, committed 19328K, reserved 1048576K
}
Event: 52.556 GC heap after
{Heap after GC invocations=79 (full 0):
 garbage-first heap   total 431104K, used 256212K [0x0000000080000000, 0x0000000100000000)
  region size 1024K, 19 young (19456K), 19 survivors (19456K)
 Metaspace       used 139609K, committed 140544K, reserved 1179648K
  class space    used 18862K, committed 19328K, reserved 1048576K
}
Event: 52.898 GC heap before
{Heap before GC invocations=79 (full 0):
 garbage-first heap   total 431104K, used 355540K [0x0000000080000000, 0x0000000100000000)
  region size 1024K, 117 young (119808K), 19 survivors (19456K)
 Metaspace       used 140781K, committed 141696K, reserved 1179648K
  class space    used 18956K, committed 19392K, reserved 1048576K
}

